C:\USERS\SAIF\DESKTOP\GAMEICG(FINAL)\DEBUG\GAMEICGJ.EXE
C:\USERS\SAIF\DESKTOP\GAMEICG(FINAL)\DEBUG\GAMEICGJ.ILK
C:\USERS\SAIF\DESKTOP\GAMEICG(FINAL)\DEBUG\GAMEICGJ.PDB
C:\Users\Saif\Desktop\GameICG(Final)\GameICGJ\Debug\cl.command.1.tlog
C:\Users\Saif\Desktop\GameICG(Final)\GameICGJ\Debug\CL.read.1.tlog
C:\Users\Saif\Desktop\GameICG(Final)\GameICGJ\Debug\CL.write.1.tlog
C:\USERS\SAIF\DESKTOP\GAMEICG(FINAL)\GAMEICGJ\DEBUG\GAMEICGJ.EXE.INTERMEDIATE.MANIFEST
C:\Users\Saif\Desktop\GameICG(Final)\GameICGJ\Debug\GameICGJ.vcxprojResolveAssemblyReference.cache
C:\Users\Saif\Desktop\GameICG(Final)\GameICGJ\Debug\GameICGJ.write.1.tlog
C:\USERS\SAIF\DESKTOP\GAMEICG(FINAL)\GAMEICGJ\DEBUG\IMAIN.OBJ
C:\Users\Saif\Desktop\GameICG(Final)\GameICGJ\Debug\link.command.1.tlog
C:\Users\Saif\Desktop\GameICG(Final)\GameICGJ\Debug\link.read.1.tlog
C:\Users\Saif\Desktop\GameICG(Final)\GameICGJ\Debug\link.write.1.tlog
C:\Users\Saif\Desktop\GameICG(Final)\GameICGJ\Debug\mt.command.1.tlog
C:\Users\Saif\Desktop\GameICG(Final)\GameICGJ\Debug\mt.read.1.tlog
C:\Users\Saif\Desktop\GameICG(Final)\GameICGJ\Debug\mt.write.1.tlog
C:\Users\Saif\Desktop\GameICG(Final)\GameICGJ\Debug\vc100.idb
C:\USERS\SAIF\DESKTOP\GAMEICG(FINAL)\GAMEICGJ\DEBUG\VC100.PDB
C:\USERS\SAIF\DESKTOP\GAMEICGJEDITED\DEBUG\GAMEICGJ.EXE
C:\USERS\SAIF\DESKTOP\GAMEICGJEDITED\DEBUG\GAMEICGJ.ILK
C:\USERS\SAIF\DESKTOP\GAMEICGJEDITED\DEBUG\GAMEICGJ.PDB
C:\USERS\SAIF\DESKTOP\GAMEICGJEDITED\GAMEICGJ\DEBUG\GAMEICGJ.EXE.INTERMEDIATE.MANIFEST
C:\USERS\SAIF\DESKTOP\GAMEICGJEDITED\GAMEICGJ\DEBUG\IMAIN.OBJ
C:\USERS\SAIF\DESKTOP\GAMEICGJEDITED\GAMEICGJ\DEBUG\VC100.PDB
H:\THE FIREWALL OF AUST(ICGJ) - FINAL\GAMEICG(FINAL)\DEBUG\GAMEICGJ.EXE
H:\THE FIREWALL OF AUST(ICGJ) - FINAL\GAMEICG(FINAL)\DEBUG\GAMEICGJ.ILK
H:\THE FIREWALL OF AUST(ICGJ) - FINAL\GAMEICG(FINAL)\DEBUG\GAMEICGJ.PDB
H:\THE FIREWALL OF AUST(ICGJ) - FINAL\GAMEICG(FINAL)\GAMEICGJ\DEBUG\GAMEICGJ.EXE.INTERMEDIATE.MANIFEST
H:\THE FIREWALL OF AUST(ICGJ) - FINAL\GAMEICG(FINAL)\GAMEICGJ\DEBUG\IMAIN.OBJ
H:\THE FIREWALL OF AUST(ICGJ) - FINAL\GAMEICG(FINAL)\GAMEICGJ\DEBUG\VC100.PDB
